<?xml version="1.0" encoding="UTF-8"?>
<!-- Generated by org.testng.reporters.JUnitReportReporter -->
<testsuite hostname="DESKTOP-K6JQS20" failures="0" tests="2" name="com.supermarket.test.EditFooterTest" time="44.544" errors="0" timestamp="2024-05-21T01:03:53 IST" skipped="0">
  <testcase classname="com.supermarket.test.EditFooterTest" name="navigate" time="20.074"/>
  <testcase classname="com.supermarket.test.EditFooterTest" name="verifyIfFooterTextUpdated" time="24.470"/>
</testsuite> <!-- com.supermarket.test.EditFooterTest -->
