<?xml version="1.0" encoding="UTF-8"?>
<!-- Generated by org.testng.reporters.JUnitReportReporter -->
<testsuite hostname="DESKTOP-K6JQS20" failures="0" tests="1" name="com.supermarket.test.AdminTest" time="9.600" errors="0" timestamp="2024-05-21T01:03:53 IST" skipped="0">
  <testcase classname="com.supermarket.test.AdminTest" name="myadminTest" time="9.600"/>
</testsuite> <!-- com.supermarket.test.AdminTest -->
