<?xml version="1.0" encoding="UTF-8"?>
<!-- Generated by org.testng.reporters.JUnitReportReporter -->
<testsuite hostname="DESKTOP-K6JQS20" failures="0" tests="3" name="com.supermarket.test.CreateDeliveryBoyTest" time="34.963" errors="0" timestamp="2024-05-21T01:03:53 IST" skipped="0">
  <testcase classname="com.supermarket.test.CreateDeliveryBoyTest" name="verifyUserIsAbleToCreateMultipleDeliveryBoys" time="10.590"/>
  <testcase classname="com.supermarket.test.CreateDeliveryBoyTest" name="verifyUserIsAbleToCreateMultipleDeliveryBoys" time="10.930"/>
  <testcase classname="com.supermarket.test.CreateDeliveryBoyTest" name="verifyUserIsAbleToCreateMultipleDeliveryBoys" time="13.443"/>
</testsuite> <!-- com.supermarket.test.CreateDeliveryBoyTest -->
