<?xml version="1.0" encoding="UTF-8"?>
<!-- Generated by org.testng.reporters.JUnitReportReporter -->
<testsuite hostname="DESKTOP-K6JQS20" failures="0" tests="2" name="com.supermarket.test.CreateDeliveryBoyTest" time="14.415" errors="0" timestamp="2024-05-20T10:27:36 IST" skipped="0">
  <testcase classname="com.supermarket.test.CreateDeliveryBoyTest" name="verifyUserIsAbleToCreateMultipleDeliveryBoys" time="6.892"/>
  <system-out/>
  <testcase classname="com.supermarket.test.CreateDeliveryBoyTest" name="verifyUserIsAbleToCreateMultipleDeliveryBoys" time="7.523"/>
  <system-out/>
</testsuite> <!-- com.supermarket.test.CreateDeliveryBoyTest -->
