<?xml version="1.0" encoding="UTF-8"?>
<!-- Generated by org.testng.reporters.JUnitReportReporter -->
<testsuite hostname="DESKTOP-K6JQS20" failures="0" tests="1" name="com.supermarket.test.ManagePagesListTest" time="18.169" errors="0" timestamp="2024-05-17T00:35:03 IST" skipped="0">
  <testcase classname="com.supermarket.test.ManagePagesListTest" name="verifyAddPages" time="18.169"/>
  <system-out/>
</testsuite> <!-- com.supermarket.test.ManagePagesListTest -->
