<?xml version="1.0" encoding="UTF-8"?>
<!-- Generated by org.testng.reporters.JUnitReportReporter -->
<testsuite hostname="DESKTOP-K6JQS20" failures="0" tests="1" name="com.supermarket.test.LoginTest" time="28.103" errors="0" timestamp="2024-05-20T12:41:52 IST" skipped="0">
  <testcase classname="com.supermarket.test.LoginTest" name="verifyUserIsAbleToLoginWithCredentials" time="28.103"/>
  <system-out/>
</testsuite> <!-- com.supermarket.test.LoginTest -->
