<?xml version="1.0" encoding="UTF-8"?>
<!-- Generated by org.testng.reporters.JUnitReportReporter -->
<testsuite hostname="DESKTOP-K6JQS20" failures="0" tests="1" name="com.supermarket.test.LoginTest" time="25.028" errors="0" timestamp="2024-05-20T14:36:55 IST" skipped="0">
  <testcase classname="com.supermarket.test.LoginTest" name="verifyUserIsAbleToLoginWithCredentials" time="25.028"/>
</testsuite> <!-- com.supermarket.test.LoginTest -->
