<?xml version="1.0" encoding="UTF-8"?>
<!-- Generated by org.testng.reporters.JUnitReportReporter -->
<testsuite hostname="DESKTOP-K6JQS20" failures="0" tests="1" name="com.supermarket.test.AdminTest" time="26.878" errors="0" timestamp="2024-05-20T14:36:55 IST" skipped="0">
  <testcase classname="com.supermarket.test.AdminTest" name="myadminTest" time="26.878"/>
</testsuite> <!-- com.supermarket.test.AdminTest -->
