<?xml version="1.0" encoding="UTF-8"?>
<!-- Generated by org.testng.reporters.JUnitReportReporter -->
<testsuite hostname="DESKTOP-K6JQS20" failures="0" tests="2" name="com.supermarket.test.CreateDeliveryBoyTest" time="34.480" errors="0" timestamp="2024-05-20T14:36:55 IST" skipped="0">
  <testcase classname="com.supermarket.test.CreateDeliveryBoyTest" name="verifyUserIsAbleToCreateMultipleDeliveryBoys" time="19.074"/>
  <testcase classname="com.supermarket.test.CreateDeliveryBoyTest" name="verifyUserIsAbleToCreateMultipleDeliveryBoys" time="15.406"/>
</testsuite> <!-- com.supermarket.test.CreateDeliveryBoyTest -->
